2024-03-30T11:37:52.744Z [winston custom format] error: http | POST| 5000 | body :  {"email":"hussein@gmail.com","password":"12345@H"} |/api/v1/users/login |secretOrPrivateKey must have a value
2024-03-30T11:37:52.744Z [winston custom format] error: secretOrPrivateKey must have a value
2024-03-30T11:41:31.651Z [winston custom format] error: End point not found
2024-03-30T18:08:37.990Z [winston custom format] error: End point not found
2024-03-30T18:08:38.015Z [winston custom format] error: End point not found
2024-03-30T18:08:42.997Z [winston custom format] error: End point not found
2024-03-30T18:08:43.014Z [winston custom format] error: End point not found
2024-03-30T18:08:51.994Z [winston custom format] error: End point not found
2024-03-30T18:08:52.015Z [winston custom format] error: End point not found
2024-03-30T18:09:09.023Z [winston custom format] error: End point not found
2024-03-30T18:09:09.040Z [winston custom format] error: End point not found
2024-03-30T18:09:42.000Z [winston custom format] error: End point not found
2024-03-30T18:09:42.014Z [winston custom format] error: End point not found
2024-03-30T18:10:31.179Z [winston custom format] error: http | PATCH| 5000 | body :  {} |/api/v1/users/logout/ |invalid token
2024-03-30T18:10:31.181Z [winston custom format] error: invalid token
2024-03-30T18:10:46.989Z [winston custom format] error: End point not found
2024-03-30T18:10:47.007Z [winston custom format] error: End point not found
2024-03-30T18:10:58.809Z [winston custom format] error: http | PATCH| 5000 | body :  {} |/api/v1/users/logout/ |invalid token
2024-03-30T18:10:58.810Z [winston custom format] error: invalid token
2024-03-30T18:11:10.520Z [winston custom format] error: http | PATCH| 5000 | body :  {} |/api/v1/users/logout/ |invalid token
2024-03-30T18:11:10.521Z [winston custom format] error: invalid token
2024-03-30T18:12:36.736Z [winston custom format] error: http | PATCH| 5000 | body :  {} |/api/v1/users/logout/ |This Session is not Valid. Please Login again
2024-03-30T18:12:36.738Z [winston custom format] error: This Session is not Valid. Please Login again
2024-03-30T18:12:56.009Z [winston custom format] error: End point not found
2024-03-30T18:12:56.022Z [winston custom format] error: End point not found
2024-03-30T18:13:49.085Z [winston custom format] error: http | PATCH| 5000 | body :  {} |/api/v1/users/logout/ |This Session is not Valid. Please Login again
2024-03-30T18:13:49.085Z [winston custom format] error: This Session is not Valid. Please Login again
2024-03-30T18:14:15.560Z [winston custom format] error: http | PATCH| 5000 | body :  {} |/api/v1/users/logout/ |This Session is not Valid. Please Login again
2024-03-30T18:14:15.561Z [winston custom format] error: This Session is not Valid. Please Login again
2024-03-30T18:14:51.902Z [winston custom format] error: http | PATCH| 5000 | body :  {} |/api/v1/users/logout/ |This Session is not Valid. Please Login again
2024-03-30T18:14:51.904Z [winston custom format] error: This Session is not Valid. Please Login again
2024-03-30T18:15:14.151Z [winston custom format] error: http | PATCH| 5000 | body :  {} |/api/v1/users/logout/ |This Session is not Valid. Please Login again
2024-03-30T18:15:14.153Z [winston custom format] error: This Session is not Valid. Please Login again
2024-03-30T18:15:23.980Z [winston custom format] error: http | PATCH| 5000 | body :  {} |/api/v1/users/logout/ |This Session is not Valid. Please Login again
2024-03-30T18:15:23.983Z [winston custom format] error: This Session is not Valid. Please Login again
2024-03-30T18:17:13.006Z [winston custom format] error: End point not found
2024-03-30T18:17:13.022Z [winston custom format] error: End point not found
2024-03-30T18:18:53.501Z [winston custom format] error: http | PATCH| 5000 | body :  {} |/api/v1/users/logout/ |This Session is not Valid. Please Login again
2024-03-30T18:18:53.503Z [winston custom format] error: This Session is not Valid. Please Login again
2024-03-30T18:20:00.766Z [winston custom format] error: http | PATCH| 5000 | body :  {} |/api/v1/users/logout/ |This Session is not Valid. Please Login again
2024-03-30T18:20:00.768Z [winston custom format] error: This Session is not Valid. Please Login again
2024-03-30T18:24:03.301Z [winston custom format] error: http | PATCH| 5000 | body :  {} |/api/v1/users/logout/ |This Session is not Valid. Please Login again
2024-03-30T18:24:03.305Z [winston custom format] error: This Session is not Valid. Please Login again
2024-03-30T18:25:18.894Z [winston custom format] error: http | PATCH| 5000 | body :  {} |/api/v1/users/logout/ |This Session is not Valid. Please Login again
2024-03-30T18:25:18.896Z [winston custom format] error: This Session is not Valid. Please Login again
2024-03-30T18:25:45.986Z [winston custom format] error: End point not found
2024-03-30T18:25:46.007Z [winston custom format] error: End point not found
2024-03-30T18:26:01.676Z [winston custom format] error: http | PATCH| 5000 | body :  {} |/api/v1/users/logout/ |This Session is not Valid. Please Login again
2024-03-30T18:26:01.678Z [winston custom format] error: This Session is not Valid. Please Login again
2024-03-30T18:31:45.717Z [winston custom format] error: http | PATCH| 5000 | body :  {} |/api/v1/users/logout/ |This Session is not Valid. Please Login again
2024-03-30T18:31:45.718Z [winston custom format] error: This Session is not Valid. Please Login again
2024-03-30T18:37:01.021Z [winston custom format] error: http | PATCH| 5000 | body :  {} |/api/v1/users/logout/ |This Session is not Valid. Please Login again
2024-03-30T18:37:01.022Z [winston custom format] error: This Session is not Valid. Please Login again
